<?xml version="1.0" encoding="UTF-8"?>
<testng-results skipped="0" failed="0" ignored="0" total="1" passed="1">
  <reporter-output>
  </reporter-output>
  <suite name="Suite" duration-ms="73" started-at="2020-01-14T04:08:39Z" finished-at="2020-01-14T04:08:39Z">
    <groups>
    </groups>
    <test name="Test" duration-ms="73" started-at="2020-01-14T04:08:39Z" finished-at="2020-01-14T04:08:39Z">
      <class name="TEST1.TEST2.TESTTESTNG">
        <test-method status="PASS" signature="abc()[pri:0, instance:TEST1.TEST2.TESTTESTNG@44a664f2]" name="abc" duration-ms="23" started-at="2020-01-14T09:38:39Z" finished-at="2020-01-14T09:38:39Z">
          <reporter-output>
          </reporter-output>
        </test-method> <!-- abc -->
      </class> <!-- TEST1.TEST2.TESTTESTNG -->
    </test> <!-- Test -->
  </suite> <!-- Suite -->
</testng-results>
